2023-10-26 00:09:48,026 :INFO :test_formSubmission :first name is Kishor
2023-10-26 00:09:48,363 :INFO :test_formSubmission :first name is Tushar
2023-10-26 00:09:48,363 :INFO :test_formSubmission :first name is Tushar
2023-10-26 01:00:52,590 :INFO :test_e2e :getting the card titles
2023-10-26 01:00:54,395 :INFO :test_formSubmission :first name is Kishor
2023-10-26 01:00:54,900 :INFO :test_formSubmission :first name is Tushar
2023-10-26 01:00:54,900 :INFO :test_formSubmission :first name is Tushar
2023-10-26 01:04:02,732 :INFO :test_formSubmission :first name is Kishor
2023-10-26 01:04:03,168 :INFO :test_formSubmission :first name is Tushar
2023-10-26 01:04:03,168 :INFO :test_formSubmission :first name is Tushar
2023-10-26 01:05:45,540 :INFO :test_formSubmission :first name is Kishor
2023-10-26 01:05:46,007 :INFO :test_formSubmission :first name is Tushar
2023-10-26 01:05:46,007 :INFO :test_formSubmission :first name is Tushar
2023-10-26 10:16:34,242 :INFO :test_formSubmission :first name is Kishor
2023-10-26 10:16:34,661 :INFO :test_formSubmission :first name is Tushar
2023-10-26 10:16:34,661 :INFO :test_formSubmission :first name is Tushar
2023-10-26 10:27:08,623 :INFO :test_formSubmission :first name is Kishor
2023-10-26 10:27:09,118 :INFO :test_formSubmission :first name is Tushar
2023-10-26 10:27:09,118 :INFO :test_formSubmission :first name is Tushar
2023-10-26 10:34:55,224 :INFO :test_e2e :getting all the card titles
2023-10-26 10:34:56,948 :INFO :test_formSubmission :first name is Kishor
2023-10-26 10:34:57,393 :INFO :test_formSubmission :first name is Tushar
2023-10-26 10:34:57,393 :INFO :test_formSubmission :first name is Tushar
2023-10-26 10:47:09,642 :INFO :test_e2e :getting all the card titles
2023-10-26 10:47:09,663 :INFO :test_e2e :iphone X
2023-10-26 10:47:09,674 :INFO :test_e2e :Samsung Note 8
2023-10-26 10:47:09,683 :INFO :test_e2e :Nokia Edge
2023-10-26 10:47:09,691 :INFO :test_e2e :Blackberry
2023-10-26 10:47:11,467 :INFO :test_formSubmission :first name is Kishor
2023-10-26 10:47:11,938 :INFO :test_formSubmission :first name is Tushar
2023-10-26 10:47:11,938 :INFO :test_formSubmission :first name is Tushar
2023-10-26 11:02:35,021 :INFO :test_e2e :getting all the card titles
2023-10-26 11:02:35,053 :INFO :test_e2e :iphone X
2023-10-26 11:02:35,061 :INFO :test_e2e :Samsung Note 8
2023-10-26 11:02:35,069 :INFO :test_e2e :Nokia Edge
2023-10-26 11:02:35,074 :INFO :test_e2e :Blackberry
2023-10-26 11:02:37,124 :INFO :test_formSubmission :first name is Kishor
2023-10-26 11:02:37,669 :INFO :test_formSubmission :first name is Tushar
2023-10-26 11:02:37,669 :INFO :test_formSubmission :first name is Tushar
2023-10-26 11:04:18,745 :INFO :test_e2e :getting all the card titles
2023-10-26 11:04:18,772 :INFO :test_e2e :iphone X
2023-10-26 11:04:18,780 :INFO :test_e2e :Samsung Note 8
2023-10-26 11:04:18,789 :INFO :test_e2e :Nokia Edge
2023-10-26 11:04:18,799 :INFO :test_e2e :Blackberry
2023-10-26 11:04:20,635 :INFO :test_formSubmission :first name is Kishor
2023-10-26 11:04:21,084 :INFO :test_formSubmission :first name is Tushar
2023-10-26 11:04:21,084 :INFO :test_formSubmission :first name is Tushar
2023-10-26 11:04:58,993 :INFO :test_e2e :getting all the card titles
2023-10-26 11:04:59,021 :INFO :test_e2e :iphone X
2023-10-26 11:04:59,029 :INFO :test_e2e :Samsung Note 8
2023-10-26 11:04:59,037 :INFO :test_e2e :Nokia Edge
2023-10-26 11:04:59,050 :INFO :test_e2e :Blackberry
2023-10-26 11:04:59,261 :INFO :test_e2e :Entering country name as ind
2023-10-26 11:05:02,724 :INFO :test_formSubmission :first name is Kishor
2023-10-26 11:05:03,149 :INFO :test_formSubmission :first name is Tushar
2023-10-26 11:05:03,149 :INFO :test_formSubmission :first name is Tushar
2023-10-26 11:06:13,813 :INFO :test_e2e :getting all the card titles
2023-10-26 11:06:13,840 :INFO :test_e2e :iphone X
2023-10-26 11:06:13,848 :INFO :test_e2e :Samsung Note 8
2023-10-26 11:06:13,856 :INFO :test_e2e :Nokia Edge
2023-10-26 11:06:13,868 :INFO :test_e2e :Blackberry
2023-10-26 11:06:14,066 :INFO :test_e2e :Entering country name as ind
2023-10-26 11:06:19,586 :INFO :test_e2e :Text received from application is ×
Success! Thank you! Your order will be delivered in next few weeks :-).
2023-10-26 11:06:21,337 :INFO :test_formSubmission :first name is Kishor
2023-10-26 11:06:21,872 :INFO :test_formSubmission :first name is Tushar
2023-10-26 11:06:21,872 :INFO :test_formSubmission :first name is Tushar
2023-10-26 11:08:09,183 :INFO :test_e2e :getting all the card titles
2023-10-26 11:08:09,216 :INFO :test_e2e :iphone X
2023-10-26 11:08:09,226 :INFO :test_e2e :Samsung Note 8
2023-10-26 11:08:09,239 :INFO :test_e2e :Nokia Edge
2023-10-26 11:08:09,250 :INFO :test_e2e :Blackberry
2023-10-26 11:08:09,439 :INFO :test_e2e :Entering country name as ind
2023-10-26 11:08:14,962 :INFO :test_e2e :Text received from application is ×
Success! Thank you! Your order will be delivered in next few weeks :-).
2023-10-26 11:08:16,736 :INFO :test_formSubmission :first name is Kishor
2023-10-26 11:08:17,247 :INFO :test_formSubmission :first name is Tushar
2023-10-26 11:08:17,247 :INFO :test_formSubmission :first name is Tushar
2023-10-26 11:09:52,229 :INFO :test_e2e :getting all the card titles
2023-10-26 11:09:53,929 :INFO :test_formSubmission :first name is Kishor
2023-10-26 11:09:54,408 :INFO :test_formSubmission :first name is Tushar
2023-10-26 11:09:54,408 :INFO :test_formSubmission :first name is Tushar
2023-10-26 11:11:40,793 :INFO :test_e2e :getting all the card titles
2023-10-26 11:11:40,816 :INFO :test_e2e :iphone X
2023-10-26 11:11:40,828 :INFO :test_e2e :Samsung Note 8
2023-10-26 11:11:40,832 :INFO :test_e2e :Nokia Edge
2023-10-26 11:11:40,845 :INFO :test_e2e :Blackberry
2023-10-26 11:11:41,031 :INFO :test_e2e :Entering country name as ind
2023-10-26 11:11:46,544 :INFO :test_e2e :Text received from application is ×
Success! Thank you! Your order will be delivered in next few weeks :-).
2023-10-26 11:11:48,392 :INFO :test_formSubmission :first name is Kishor
2023-10-26 11:11:48,927 :INFO :test_formSubmission :first name is Tushar
2023-10-26 11:11:48,927 :INFO :test_formSubmission :first name is Tushar
